#12 2.678 src/components/Auth/AuthForm.vue(8,78): error TS2322: Type 'string' is not assignable to type 'Booleanish | undefined'.
#12 2.678 src/components/Auth/SignInForm.vue(24,55): error TS2322: Type 'boolean' is not assignable to type 'string'.
#12 2.678 src/components/Auth/SignInForm.vue(24,71): error TS2322: Type 'number' is not assignable to type 'string'.
#12 2.678 src/components/Auth/SignInForm.vue(25,59): error TS2322: Type 'boolean' is not assignable to type 'string'.
#12 2.679 src/components/Auth/SignInForm.vue(25,75): error TS2322: Type 'number' is not assignable to type 'string'.
#12 2.679 src/components/Auth/SignUpForm.vue(23,55): error TS2322: Type 'boolean' is not assignable to type 'string'.
#12 2.679 src/components/Auth/SignUpForm.vue(23,71): error TS2322: Type 'number' is not assignable to type 'string'.
#12 2.679 src/components/Auth/SignUpForm.vue(24,59): error TS2322: Type 'boolean' is not assignable to type 'string'.
#12 2.679 src/components/Auth/SignUpForm.vue(24,75): error TS2322: Type 'number' is not assignable to type 'string'.
#12 2.679 src/components/Auth/SignUpForm.vue(25,74): error TS2322: Type 'boolean' is not assignable to type 'string'.
#12 2.679 src/components/Auth/SignUpForm.vue(25,90): error TS2322: Type 'number' is not assignable to type 'string'.
#12 2.679 src/components/User/Chat/Chat.vue(27,10): error TS2305: Module '"../../../types/websocket"' has no exported member 'WebSocketHandler'.
#12 2.679 src/components/User/Chat/Chat.vue(64,9): error TS2322: Type 'ChatMessage | null' is not assignable to type 'ChatHistory'.
#12 2.679   Type 'null' is not assignable to type 'ChatHistory'.
#12 2.679 src/components/User/Chat/Chat.vue(113,44): error TS2345: Argument of type '{ content: any; senderId: any; receiverId: any; }' is not assignable to parameter of type 'Message'.
#12 2.679   Property 'timestamp' is missing in type '{ content: any; senderId: any; receiverId: any; }' but required in type 'Message'.


#12 2.679 src/components/User/Chat/ChatDiscussion.vue(6,52): error TS2339: Property 'id' does not exist on type 'Message'.
#12 2.679 src/components/User/Chat/ChatDiscussion.vue(7,34): error TS2367: This comparison appears to be unintentional because the types 'string' and 'number' have no overlap.
#12 2.679 src/components/User/Friend/FriendMenu.vue(18,53): error TS2322: Type 'FriendRequest[]' is not assignable to type '{ id: string; nickname: string; avatar: string; }[]'.
#12 2.679   Property 'avatar' is missing in type 'FriendRequest' but required in type '{ id: string; nickname: string; avatar: string; }'.
#12 2.679 src/main.ts(2,29): error TS2307: Cannot find module 'pinia' or its corresponding type declarations.
#12 2.679 src/services/authService.ts(2,1): error TS6133: 'userService' is declared but its value is never read.
#12 2.679 src/services/authService.ts(4,29): error TS2307: Cannot find module '../../../types/models' or its corresponding type declarations.
#12 2.679 src/services/friendlistService.ts(2,24): error TS2307: Cannot find module '../../../types/models' or its corresponding type declarations.
#12 2.680 src/services/userService.ts(2,26): error TS2307: Cannot find module '../../../types/models' or its corresponding type declarations.
#12 2.680 src/services/websocketService.ts(1,15): error TS2305: Module '"typescript"' has no exported member 'ReturnType'.
#12 2.680 src/services/websocketService.ts(2,10): error TS6133: 'BaseMessage' is declared but its value is never read.
#12 2.680 src/services/websocketService.ts(11,14): error TS6133: 'message' is declared but its value is never read.
#12 2.680 src/services/websocketService.ts(36,9): error TS7053: Element implicitly has an 'any' type because expression of type 'string' can't be used to index type '{ CHAT: (message: ChatMessage) => void; }'.
#12 2.680   No index signature with a parameter of type 'string' was found on type '{ CHAT: (message: ChatMessage) => void; }'.
#12 2.680 src/services/websocketService.ts(46,49): error TS2531: Object is possibly 'null'.
#12 2.680 src/services/websocketService.ts(57,37): error TS7053: Element implicitly has an 'any' type because expression of type 'any' can't be used to index type '{ CHAT: (message: ChatMessage) => void; }'.
#12 2.680 src/stores/onlineUsers.ts(1,29): error TS2307: Cannot find module 'pinia' or its corresponding type declarations.
#12 2.680 src/stores/onlineUsers.ts(12,12): error TS2551: Property 'onlineUsers' does not exist on type '{ setOnlineUsers(users: string[]): void; addOnlineUser(userId: string): void; removeOnlineUser(userId: string): void; }'. Did you mean 'setOnlineUsers'?
#12 2.680 src/stores/onlineUsers.ts(16,17): error TS2551: Property 'onlineUsers' does not exist on type '{ setOnlineUsers(users: string[]): void; addOnlineUser(userId: string): void; removeOnlineUser(userId: string): void; }'. Did you mean 'setOnlineUsers'?
#12 2.680 src/stores/onlineUsers.ts(17,14): error TS2551: Property 'onlineUsers' does not exist on type '{ setOnlineUsers(users: string[]): void; addOnlineUser(userId: string): void; removeOnlineUser(userId: string): void; }'. Did you mean 'setOnlineUsers'?
#12 2.680 src/stores/onlineUsers.ts(22,12): error TS2551: Property 'onlineUsers' does not exist on type '{ setOnlineUsers(users: string[]): void; addOnlineUser(userId: string): void; removeOnlineUser(userId: string): void; }'. Did you mean 'setOnlineUsers'?
#12 2.680 src/stores/onlineUsers.ts(22,31): error TS2551: Property 'onlineUsers' does not exist on type '{ setOnlineUsers(users: string[]): void; addOnlineUser(userId: string): void; removeOnlineUser(userId: string): void; }'. Did you mean 'setOnlineUsers'?
#12 2.680 src/stores/onlineUsers.ts(22,50): error TS7006: Parameter 'id' implicitly has an 'any' type.
#12 2.680 src/stores/onlineUsers.ts(27,20): error TS7006: Parameter 'state' implicitly has an 'any' type.
#12 2.680 src/stores/onlineUsers.ts(30,22): error TS7006: Parameter 'state' implicitly has an 'any' type.
#12 2.680 src/stores/user.ts(1,29): error TS2307: Cannot find module 'pinia' or its corresponding type declarations.
#12 2.680 src/stores/user.ts(15,13): error TS7006: Parameter 'state' implicitly has an 'any' type.
#12 2.680 src/stores/user.ts(16,19): error TS7006: Parameter 'state' implicitly has an 'any' type.
#12 2.680 src/stores/user.ts(17,22): error TS7006: Parameter 'state' implicitly has an 'any' type.
#12 2.680 src/stores/user.ts(18,21): error TS7006: Parameter 'state' implicitly has an 'any' type.
#12 2.680 src/stores/user.ts(19,18): error TS7006: Parameter 'state' implicitly has an 'any' type.
#12 2.680 src/stores/user.ts(20,27): error TS7006: Parameter 'state' implicitly has an 'any' type.
#12 2.680 src/stores/user.ts(23,13): error TS7006: Parameter 'userData' implicitly has an 'any' type.
#12 2.681 src/stores/user.ts(24,12): error TS2339: Property '$patch' does not exist on type '{ setUser(userData: any): void; setWebSocketService(userId: any): void; fetchUser(): Promise<void>; clearUser(): void; loadUserFromStorage(): boolean; initializeStore(): Promise<...>; }'.
#12 2.681 src/stores/user.ts(39,25): error TS7006: Parameter 'userId' implicitly has an 'any' type.
#12 2.681 src/stores/user.ts(43,12): error TS2551: Property 'webSocketService' does not exist on type '{ setUser(userData: any): void; setWebSocketService(userId: any): void; fetchUser(): Promise<void>; clearUser(): void; loadUserFromStorage(): boolean; initializeStore(): Promise<...>; }'. Did you mean 'setWebSocketService'?
#12 2.681 src/stores/user.ts(50,34): error TS2551: Property 'webSocketService' does not exist on type '{ setUser(userData: any): void; setWebSocketService(userId: any): void; fetchUser(): Promise<void>; clearUser(): void; loadUserFromStorage(): boolean; initializeStore(): Promise<...>; }'. Did you mean 'setWebSocketService'?
#12 2.681 src/stores/user.ts(55,18): error TS2551: Property 'webSocketService' does not exist on type '{ setUser(userData: any): void; setWebSocketService(userId: any): void; fetchUser(): Promise<void>; clearUser(): void; loadUserFromStorage(): boolean; initializeStore(): Promise<...>; }'. Did you mean 'setWebSocketService'?
#12 2.681 src/stores/user.ts(67,16): error TS2551: Property 'webSocketService' does not exist on type '{ setUser(userData: any): void; setWebSocketService(userId: any): void; fetchUser(): Promise<void>; clearUser(): void; loadUserFromStorage(): boolean; initializeStore(): Promise<...>; }'. Did you mean 'setWebSocketService'?
#12 2.681 src/stores/user.ts(68,14): error TS2551: Property 'webSocketService' does not exist on type '{ setUser(userData: any): void; setWebSocketService(userId: any): void; fetchUser(): Promise<void>; clearUser(): void; loadUserFromStorage(): boolean; initializeStore(): Promise<...>; }'. Did you mean 'setWebSocketService'?
#12 2.681 src/stores/user.ts(69,14): error TS2551: Property 'webSocketService' does not exist on type '{ setUser(userData: any): void; setWebSocketService(userId: any): void; fetchUser(): Promise<void>; clearUser(): void; loadUserFromStorage(): boolean; initializeStore(): Promise<...>; }'. Did you mean 'setWebSocketService'?
#12 2.681 src/stores/user.ts(71,12): error TS2339: Property '$reset' does not exist on type '{ setUser(userData: any): void; setWebSocketService(userId: any): void; fetchUser(): Promise<void>; clearUser(): void; loadUserFromStorage(): boolean; initializeStore(): Promise<...>; }'.
#12 2.681 src/stores/user.ts(79,14): error TS2339: Property '$patch' does not exist on type '{ setUser(userData: any): void; setWebSocketService(userId: any): void; fetchUser(): Promise<void>; clearUser(): void; loadUserFromStorage(): boolean; initializeStore(): Promise<...>; }'.
#12 2.681 src/stores/user.ts(84,14): error TS2551: Property 'webSocketService' does not exist on type '{ setUser(userData: any): void; setWebSocketService(userId: any): void; fetchUser(): Promise<void>; clearUser(): void; loadUserFromStorage(): boolean; initializeStore(): Promise<...>; }'. Did you mean 'setWebSocketService'?
#12 2.681 src/types/models.ts(1,1): error TS6133: 'ref' is declared but its value is never read.
#12 2.681 src/types/models.ts(36,9): error TS2304: Cannot find name 'Ref'.
#12 2.681 src/types/models.ts(43,16): error TS2304: Cannot find name 'ChatMessage'.
#12 ERROR: process "/bin/sh -c npm run build" did not complete successfully: exit code: 2
------
 > [frontend_prod build-stage 6/6] RUN npm run build:
2.681 src/stores/user.ts(55,18): error TS2551: Property 'webSocketService' does not exist on type '{ setUser(userData: any): void; setWebSocketService(userId: any): void; fetchUser(): Promise<void>; clearUser(): void; loadUserFromStorage(): boolean; initializeStore(): Promise<...>; }'. Did you mean 'setWebSocketService'?
2.681 src/stores/user.ts(67,16): error TS2551: Property 'webSocketService' does not exist on type '{ setUser(userData: any): void; setWebSocketService(userId: any): void; fetchUser(): Promise<void>; clearUser(): void; loadUserFromStorage(): boolean; initializeStore(): Promise<...>; }'. Did you mean 'setWebSocketService'?
2.681 src/stores/user.ts(68,14): error TS2551: Property 'webSocketService' does not exist on type '{ setUser(userData: any): void; setWebSocketService(userId: any): void; fetchUser(): Promise<void>; clearUser(): void; loadUserFromStorage(): boolean; initializeStore(): Promise<...>; }'. Did you mean 'setWebSocketService'?
2.681 src/stores/user.ts(69,14): error TS2551: Property 'webSocketService' does not exist on type '{ setUser(userData: any): void; setWebSocketService(userId: any): void; fetchUser(): Promise<void>; clearUser(): void; loadUserFromStorage(): boolean; initializeStore(): Promise<...>; }'. Did you mean 'setWebSocketService'?
2.681 src/stores/user.ts(71,12): error TS2339: Property '$reset' does not exist on type '{ setUser(userData: any): void; setWebSocketService(userId: any): void; fetchUser(): Promise<void>; clearUser(): void; loadUserFromStorage(): boolean; initializeStore(): Promise<...>; }'.
2.681 src/stores/user.ts(79,14): error TS2339: Property '$patch' does not exist on type '{ setUser(userData: any): void; setWebSocketService(userId: any): void; fetchUser(): Promise<void>; clearUser(): void; loadUserFromStorage(): boolean; initializeStore(): Promise<...>; }'.
2.681 src/stores/user.ts(84,14): error TS2551: Property 'webSocketService' does not exist on type '{ setUser(userData: any): void; setWebSocketService(userId: any): void; fetchUser(): Promise<void>; clearUser(): void; loadUserFromStorage(): boolean; initializeStore(): Promise<...>; }'. Did you mean 'setWebSocketService'?
2.681 src/types/models.ts(1,1): error TS6133: 'ref' is declared but its value is never read.
2.681 src/types/models.ts(36,9): error TS2304: Cannot find name 'Ref'.
2.681 src/types/models.ts(43,16): error TS2304: Cannot find name 'ChatMessage'.
------
